# JRE version: Java(TM) SE Runtime Environment (21.0.6+8) (build 21.0.6+8-LTS-188)
# Java VM: Java HotSpot(TM) 64-Bit Server VM (21.0.6+8-LTS-188, mixed mode, sharing, tiered, compressed oops, compressed class ptrs, g1 gc, windows-amd64)
GC Precious Log:
 CardTable entry size: 512
 Card Set container configuration: InlinePtr #cards 5 size 8 Array Of Cards #cards 12 size 40 Howl #buckets 4 coarsen threshold 1843 Howl Bitmap #cards 512 size 80 coarsen threshold 460 Card regions per heap region 1 cards per card region 2048
 CPUs: 12 total, 12 available
 Memory: 7439M
 Large Page Support: Disabled
 NUMA Support: Disabled
 Compressed Oops: Enabled (32-bit)
 Heap Region Size: 1M
 Heap Min Capacity: 8M
 Heap Initial Capacity: 118M
 Heap Max Capacity: 2G
 Pre-touch: Disabled
 Parallel Workers: 10
 Concurrent Workers: 3
 Concurrent Refinement Workers: 10
 Periodic GC: Disabled
Heap:
 garbage-first heap   total 211968K, used 135757K [0x0000000080000000, 0x0000000100000000)
  region size 1024K, 2 young (2048K), 2 survivors (2048K)
 Metaspace       used 96857K, committed 99136K, reserved 1179648K
  class space    used 13178K, committed 14336K, reserved 1048576K
GC Heap History (20 events):
Event: 15.745 GC heap after
{Heap after GC invocations=28 (full 0):
 garbage-first heap   total 135168K, used 79112K [0x0000000080000000, 0x0000000100000000)
  region size 1024K, 6 young (6144K), 6 survivors (6144K)
 Metaspace       used 78252K, committed 80384K, reserved 1179648K
  class space    used 10908K, committed 11968K, reserved 1048576K
}
Event: 41.221 GC heap before
{Heap before GC invocations=29 (full 0):
 garbage-first heap   total 138240K, used 119048K [0x0000000080000000, 0x0000000100000000)
  region size 1024K, 45 young (46080K), 6 survivors (6144K)
 Metaspace       used 79613K, committed 81792K, reserved 1179648K
  class space    used 11096K, committed 12160K, reserved 1048576K
}
Event: 41.247 GC heap after
{Heap after GC invocations=30 (full 0):
 garbage-first heap   total 165888K, used 83047K [0x0000000080000000, 0x0000000100000000)
  region size 1024K, 6 young (6144K), 6 survivors (6144K)
 Metaspace       used 79613K, committed 81792K, reserved 1179648K
  class space    used 11096K, committed 12160K, reserved 1048576K
}
Event: 43.196 GC heap before
{Heap before GC invocations=30 (full 0):
 garbage-first heap   total 165888K, used 146535K [0x0000000080000000, 0x0000000100000000)
  region size 1024K, 68 young (69632K), 6 survivors (6144K)
 Metaspace       used 83491K, committed 85760K, reserved 1179648K
  class space    used 11689K, committed 12800K, reserved 1048576K
}
Event: 43.207 GC heap after
{Heap after GC invocations=31 (full 0):
 garbage-first heap   total 165888K, used 87505K [0x0000000080000000, 0x0000000100000000)
  region size 1024K, 9 young (9216K), 9 survivors (9216K)
 Metaspace       used 83491K, committed 85760K, reserved 1179648K
  class space    used 11689K, committed 12800K, reserved 1048576K
}
Event: 44.021 GC heap before
{Heap before GC invocations=31 (full 0):
 garbage-first heap   total 165888K, used 146897K [0x0000000080000000, 0x0000000100000000)
  region size 1024K, 67 young (68608K), 9 survivors (9216K)
 Metaspace       used 88594K, committed 90816K, reserved 1179648K
  class space    used 12311K, committed 13440K, reserved 1048576K
}
Event: 44.028 GC heap after
{Heap after GC invocations=32 (full 0):
 garbage-first heap   total 165888K, used 91877K [0x0000000080000000, 0x0000000100000000)
  region size 1024K, 9 young (9216K), 9 survivors (9216K)
 Metaspace       used 88594K, committed 90816K, reserved 1179648K
  class space    used 12311K, committed 13440K, reserved 1048576K
}
Event: 44.740 GC heap before
{Heap before GC invocations=33 (full 0):
 garbage-first heap   total 165888K, used 146149K [0x0000000080000000, 0x0000000100000000)
  region size 1024K, 63 young (64512K), 9 survivors (9216K)
 Metaspace       used 91715K, committed 93888K, reserved 1179648K
  class space    used 12742K, committed 13824K, reserved 1048576K
}
Event: 44.747 GC heap after
{Heap after GC invocations=34 (full 0):
 garbage-first heap   total 165888K, used 95837K [0x0000000080000000, 0x0000000100000000)
  region size 1024K, 8 young (8192K), 8 survivors (8192K)
 Metaspace       used 91715K, committed 93888K, reserved 1179648K
  class space    used 12742K, committed 13824K, reserved 1048576K
}
Event: 45.277 GC heap before
{Heap before GC invocations=34 (full 0):
 garbage-first heap   total 165888K, used 152157K [0x0000000080000000, 0x0000000100000000)
  region size 1024K, 59 young (60416K), 8 survivors (8192K)
 Metaspace       used 93638K, committed 95936K, reserved 1179648K
  class space    used 12887K, committed 14016K, reserved 1048576K
}
Event: 45.284 GC heap after
{Heap after GC invocations=35 (full 0):
 garbage-first heap   total 167936K, used 99558K [0x0000000080000000, 0x0000000100000000)
  region size 1024K, 4 young (4096K), 4 survivors (4096K)
 Metaspace       used 93638K, committed 95936K, reserved 1179648K
  class space    used 12887K, committed 14016K, reserved 1048576K
}
Event: 46.101 GC heap before
{Heap before GC invocations=35 (full 0):
 garbage-first heap   total 167936K, used 147686K [0x0000000080000000, 0x0000000100000000)
  region size 1024K, 53 young (54272K), 4 survivors (4096K)
 Metaspace       used 95796K, committed 98112K, reserved 1179648K
  class space    used 13096K, committed 14272K, reserved 1048576K
}
Event: 46.106 GC heap after
{Heap after GC invocations=36 (full 0):
 garbage-first heap   total 167936K, used 108850K [0x0000000080000000, 0x0000000100000000)
  region size 1024K, 8 young (8192K), 8 survivors (8192K)
 Metaspace       used 95796K, committed 98112K, reserved 1179648K
  class space    used 13096K, committed 14272K, reserved 1048576K
}
Event: 46.608 GC heap before
{Heap before GC invocations=37 (full 0):
 garbage-first heap   total 211968K, used 156978K [0x0000000080000000, 0x0000000100000000)
  region size 1024K, 46 young (47104K), 8 survivors (8192K)
 Metaspace       used 96221K, committed 98496K, reserved 1179648K
  class space    used 13132K, committed 14272K, reserved 1048576K
}
Event: 46.619 GC heap after
{Heap after GC invocations=38 (full 0):
 garbage-first heap   total 211968K, used 128917K [0x0000000080000000, 0x0000000100000000)
  region size 1024K, 6 young (6144K), 6 survivors (6144K)
 Metaspace       used 96221K, committed 98496K, reserved 1179648K
  class space    used 13132K, committed 14272K, reserved 1048576K
}
Event: 47.459 GC heap before
{Heap before GC invocations=38 (full 0):
 garbage-first heap   total 211968K, used 195477K [0x0000000080000000, 0x0000000100000000)
  region size 1024K, 51 young (52224K), 6 survivors (6144K)
 Metaspace       used 96711K, committed 99008K, reserved 1179648K
  class space    used 13168K, committed 14336K, reserved 1048576K
}
Event: 49.480 GC heap after
{Heap after GC invocations=39 (full 0):
 garbage-first heap   total 211968K, used 132545K [0x0000000080000000, 0x0000000100000000)
  region size 1024K, 5 young (5120K), 5 survivors (5120K)
 Metaspace       used 96711K, committed 99008K, reserved 1179648K
  class space    used 13168K, committed 14336K, reserved 1048576K
}
Event: 49.511 GC heap before
{Heap before GC invocations=39 (full 0):
 garbage-first heap   total 211968K, used 137665K [0x0000000080000000, 0x0000000100000000)
  region size 1024K, 10 young (10240K), 5 survivors (5120K)
 Metaspace       used 96815K, committed 99136K, reserved 1179648K
  class space    used 13175K, committed 14336K, reserved 1048576K
}
Event: 49.514 GC heap after
{Heap after GC invocations=40 (full 0):
 garbage-first heap   total 211968K, used 134140K [0x0000000080000000, 0x0000000100000000)
  region size 1024K, 2 young (2048K), 2 survivors (2048K)
 Metaspace       used 96815K, committed 99136K, reserved 1179648K
  class space    used 13175K, committed 14336K, reserved 1048576K
}
Event: 49.537 GC heap before
{Heap before GC invocations=40 (full 0):
 garbage-first heap   total 211968K, used 141308K [0x0000000080000000, 0x0000000100000000)
  region size 1024K, 10 young (10240K), 2 survivors (2048K)
 Metaspace       used 96857K, committed 99136K, reserved 1179648K
  class space    used 13178K, committed 14336K, reserved 1048576K
}

