# JRE version: Java(TM) SE Runtime Environment (21.0.6+8) (build 21.0.6+8-LTS-188)
# Java VM: Java HotSpot(TM) 64-Bit Server VM (21.0.6+8-LTS-188, mixed mode, sharing, tiered, compressed oops, compressed class ptrs, g1 gc, windows-amd64)
GC Precious Log:
 CardTable entry size: 512
 Card Set container configuration: InlinePtr #cards 5 size 8 Array Of Cards #cards 12 size 40 Howl #buckets 4 coarsen threshold 1843 Howl Bitmap #cards 512 size 80 coarsen threshold 460 Card regions per heap region 1 cards per card region 2048
 CPUs: 12 total, 12 available
 Memory: 7439M
 Large Page Support: Disabled
 NUMA Support: Disabled
 Compressed Oops: Enabled (32-bit)
 Heap Region Size: 1M
 Heap Min Capacity: 8M
 Heap Initial Capacity: 118M
 Heap Max Capacity: 2G
 Pre-touch: Disabled
 Parallel Workers: 10
 Concurrent Workers: 3
 Concurrent Refinement Workers: 10
 Periodic GC: Disabled
Heap:
 garbage-first heap   total 196608K, used 165161K [0x0000000080000000, 0x0000000100000000)
  region size 1024K, 47 young (48128K), 8 survivors (8192K)
 Metaspace       used 95191K, committed 97472K, reserved 1179648K
  class space    used 13013K, committed 14144K, reserved 1048576K
GC Heap History (20 events):
Event: 10.009 GC heap before
{Heap before GC invocations=22 (full 0):
 garbage-first heap   total 135168K, used 113661K [0x0000000080000000, 0x0000000100000000)
  region size 1024K, 50 young (51200K), 5 survivors (5120K)
 Metaspace       used 66496K, committed 68544K, reserved 1114112K
  class space    used 9148K, committed 10176K, reserved 1048576K
}
Event: 10.014 GC heap after
{Heap after GC invocations=23 (full 0):
 garbage-first heap   total 135168K, used 71419K [0x0000000080000000, 0x0000000100000000)
  region size 1024K, 4 young (4096K), 4 survivors (4096K)
 Metaspace       used 66496K, committed 68544K, reserved 1114112K
  class space    used 9148K, committed 10176K, reserved 1048576K
}
Event: 10.427 GC heap before
{Heap before GC invocations=23 (full 0):
 garbage-first heap   total 135168K, used 116475K [0x0000000080000000, 0x0000000100000000)
  region size 1024K, 48 young (49152K), 4 survivors (4096K)
 Metaspace       used 68346K, committed 70400K, reserved 1114112K
  class space    used 9345K, committed 10368K, reserved 1048576K
}
Event: 10.431 GC heap after
{Heap after GC invocations=24 (full 0):
 garbage-first heap   total 135168K, used 74417K [0x0000000080000000, 0x0000000100000000)
  region size 1024K, 6 young (6144K), 6 survivors (6144K)
 Metaspace       used 68346K, committed 70400K, reserved 1114112K
  class space    used 9345K, committed 10368K, reserved 1048576K
}
Event: 11.029 GC heap before
{Heap before GC invocations=25 (full 0):
 garbage-first heap   total 135168K, used 118449K [0x0000000080000000, 0x0000000100000000)
  region size 1024K, 49 young (50176K), 6 survivors (6144K)
 Metaspace       used 71551K, committed 73600K, reserved 1114112K
  class space    used 9794K, committed 10816K, reserved 1048576K
}
Event: 11.032 GC heap after
{Heap after GC invocations=26 (full 0):
 garbage-first heap   total 135168K, used 76283K [0x0000000080000000, 0x0000000100000000)
  region size 1024K, 5 young (5120K), 5 survivors (5120K)
 Metaspace       used 71551K, committed 73600K, reserved 1114112K
  class space    used 9794K, committed 10816K, reserved 1048576K
}
Event: 11.509 GC heap before
{Heap before GC invocations=26 (full 0):
 garbage-first heap   total 135168K, used 121339K [0x0000000080000000, 0x0000000100000000)
  region size 1024K, 49 young (50176K), 5 survivors (5120K)
 Metaspace       used 75184K, committed 77248K, reserved 1179648K
  class space    used 10440K, committed 11456K, reserved 1048576K
}
Event: 11.512 GC heap after
{Heap after GC invocations=27 (full 0):
 garbage-first heap   total 135168K, used 77511K [0x0000000080000000, 0x0000000100000000)
  region size 1024K, 4 young (4096K), 4 survivors (4096K)
 Metaspace       used 75184K, committed 77248K, reserved 1179648K
  class space    used 10440K, committed 11456K, reserved 1048576K
}
Event: 11.991 GC heap before
{Heap before GC invocations=27 (full 0):
 garbage-first heap   total 135168K, used 121543K [0x0000000080000000, 0x0000000100000000)
  region size 1024K, 47 young (48128K), 4 survivors (4096K)
 Metaspace       used 78623K, committed 80832K, reserved 1179648K
  class space    used 10934K, committed 12032K, reserved 1048576K
}
Event: 11.995 GC heap after
{Heap after GC invocations=28 (full 0):
 garbage-first heap   total 135168K, used 80253K [0x0000000080000000, 0x0000000100000000)
  region size 1024K, 6 young (6144K), 6 survivors (6144K)
 Metaspace       used 78623K, committed 80832K, reserved 1179648K
  class space    used 10934K, committed 12032K, reserved 1048576K
}
Event: 12.428 GC heap before
{Heap before GC invocations=29 (full 0):
 garbage-first heap   total 140288K, used 120189K [0x0000000080000000, 0x0000000100000000)
  region size 1024K, 45 young (46080K), 6 survivors (6144K)
 Metaspace       used 81366K, committed 83520K, reserved 1179648K
  class space    used 11399K, committed 12480K, reserved 1048576K
}
Event: 12.432 GC heap after
{Heap after GC invocations=30 (full 0):
 garbage-first heap   total 168960K, used 81924K [0x0000000080000000, 0x0000000100000000)
  region size 1024K, 5 young (5120K), 5 survivors (5120K)
 Metaspace       used 81366K, committed 83520K, reserved 1179648K
  class space    used 11399K, committed 12480K, reserved 1048576K
}
Event: 13.097 GC heap before
{Heap before GC invocations=30 (full 0):
 garbage-first heap   total 168960K, used 148484K [0x0000000080000000, 0x0000000100000000)
  region size 1024K, 70 young (71680K), 5 survivors (5120K)
 Metaspace       used 87003K, committed 89216K, reserved 1179648K
  class space    used 12072K, committed 13184K, reserved 1048576K
}
Event: 13.101 GC heap after
{Heap after GC invocations=31 (full 0):
 garbage-first heap   total 168960K, used 85748K [0x0000000080000000, 0x0000000100000000)
  region size 1024K, 9 young (9216K), 9 survivors (9216K)
 Metaspace       used 87003K, committed 89216K, reserved 1179648K
  class space    used 12072K, committed 13184K, reserved 1048576K
}
Event: 13.837 GC heap before
{Heap before GC invocations=31 (full 0):
 garbage-first heap   total 168960K, used 150260K [0x0000000080000000, 0x0000000100000000)
  region size 1024K, 72 young (73728K), 9 survivors (9216K)
 Metaspace       used 91131K, committed 93312K, reserved 1179648K
  class space    used 12664K, committed 13760K, reserved 1048576K
}
Event: 13.844 GC heap after
{Heap after GC invocations=32 (full 0):
 garbage-first heap   total 168960K, used 90678K [0x0000000080000000, 0x0000000100000000)
  region size 1024K, 9 young (9216K), 9 survivors (9216K)
 Metaspace       used 91131K, committed 93312K, reserved 1179648K
  class space    used 12664K, committed 13760K, reserved 1048576K
}
Event: 14.643 GC heap before
{Heap before GC invocations=32 (full 0):
 garbage-first heap   total 168960K, used 146998K [0x0000000080000000, 0x0000000100000000)
  region size 1024K, 66 young (67584K), 9 survivors (9216K)
 Metaspace       used 91746K, committed 93952K, reserved 1179648K
  class space    used 12757K, committed 13888K, reserved 1048576K
}
Event: 14.649 GC heap after
{Heap after GC invocations=33 (full 0):
 garbage-first heap   total 168960K, used 95305K [0x0000000080000000, 0x0000000100000000)
  region size 1024K, 5 young (5120K), 5 survivors (5120K)
 Metaspace       used 91746K, committed 93952K, reserved 1179648K
  class space    used 12757K, committed 13888K, reserved 1048576K
}
Event: 15.688 GC heap before
{Heap before GC invocations=34 (full 0):
 garbage-first heap   total 174080K, used 166985K [0x0000000080000000, 0x0000000100000000)
  region size 1024K, 62 young (63488K), 5 survivors (5120K)
 Metaspace       used 94489K, committed 96704K, reserved 1179648K
  class space    used 12942K, committed 14080K, reserved 1048576K
}
Event: 15.700 GC heap after
{Heap after GC invocations=35 (full 0):
 garbage-first heap   total 196608K, used 120105K [0x0000000080000000, 0x0000000100000000)
  region size 1024K, 8 young (8192K), 8 survivors (8192K)
 Metaspace       used 94489K, committed 96704K, reserved 1179648K
  class space    used 12942K, committed 14080K, reserved 1048576K
}

